<?xml version="1.0" encoding="UTF-8"?>
<!-- Generated by org.testng.reporters.JUnitReportReporter -->
<testsuite hostname="DESKTOP-2R542G6" failures="0" tests="4" name="ECommerceAutomation.Tests.SubmitOrderTest" time="29.064" errors="0" timestamp="2024-09-13T19:57:21 IST" skipped="0">
  <testcase classname="ECommerceAutomation.Tests.SubmitOrderTest" name="OrderHistoryTest" time="2.986"/>
  <testcase classname="ECommerceAutomation.Tests.SubmitOrderTest" name="submitorder" time="7.165"/>
  <testcase classname="ECommerceAutomation.Tests.SubmitOrderTest" name="submitorder" time="6.693"/>
  <testcase classname="ECommerceAutomation.Tests.SubmitOrderTest" name="submitorder" time="12.220"/>
</testsuite> <!-- ECommerceAutomation.Tests.SubmitOrderTest -->
