<?xml version="1.0" encoding="UTF-8"?>
<!-- Generated by org.testng.reporters.JUnitReportReporter -->
<testsuite hostname="DESKTOP-2R542G6" failures="0" tests="2" name="ECommerceAutomation.Tests.ErrorValidationsTest" time="9.707" errors="0" timestamp="2024-09-13T20:43:12 IST" skipped="0">
  <testcase classname="ECommerceAutomation.Tests.ErrorValidationsTest" name="ProductErrorValidation" time="5.700"/>
  <testcase classname="ECommerceAutomation.Tests.ErrorValidationsTest" name="InvalidLoginErrorValidation" time="4.007"/>
</testsuite> <!-- ECommerceAutomation.Tests.ErrorValidationsTest -->
