<?xml version="1.0" encoding="UTF-8"?>
<!-- Generated by org.testng.reporters.JUnitReportReporter -->
<testsuite hostname="DESKTOP-2R542G6" failures="0" tests="1" name="cucumber.TestNGTestRunner" time="7.364" errors="0" timestamp="2024-09-15T11:24:11 IST" skipped="0">
  <testcase classname="cucumber.TestNGTestRunner" name="runScenario" time="7.364"/>
</testsuite> <!-- cucumber.TestNGTestRunner -->
