<?xml version="1.0" encoding="UTF-8"?>
<!-- Generated by org.testng.reporters.JUnitReportReporter -->
<testsuite hostname="DESKTOP-2R542G6" failures="0" tests="4" name="ECommerceAutomation.Tests.SubmitOrderTest" time="22.894" errors="0" timestamp="2024-09-13T20:43:12 IST" skipped="0">
  <testcase classname="ECommerceAutomation.Tests.SubmitOrderTest" name="submitorder" time="6.543"/>
  <testcase classname="ECommerceAutomation.Tests.SubmitOrderTest" name="submitorder" time="7.292"/>
  <testcase classname="ECommerceAutomation.Tests.SubmitOrderTest" name="submitorder" time="6.535"/>
  <testcase classname="ECommerceAutomation.Tests.SubmitOrderTest" name="OrderHistoryTest" time="2.524"/>
</testsuite> <!-- ECommerceAutomation.Tests.SubmitOrderTest -->
